Wed Jul 19 2017 12:24:35 GMT-0500 (Central Daylight Time): GET /
Wed Jul 19 2017 12:25:08 GMT-0500 (Central Daylight Time): GET /
Wed Jul 19 2017 12:25:11 GMT-0500 (Central Daylight Time): GET /about
Wed Jul 19 2017 12:32:27 GMT-0500 (Central Daylight Time): GET /about
Wed Jul 19 2017 12:32:40 GMT-0500 (Central Daylight Time): GET /
Wed Jul 19 2017 12:35:10 GMT-0500 (Central Daylight Time): GET /help
Wed Jul 19 2017 12:36:20 GMT-0500 (Central Daylight Time): GET /help.html
Wed Jul 19 2017 16:46:46 GMT-0500 (Central Daylight Time): GET /
Wed Jul 19 2017 16:46:52 GMT-0500 (Central Daylight Time): GET /project
Wed Jul 19 2017 16:47:35 GMT-0500 (Central Daylight Time): GET /project
Wed Jul 19 2017 16:47:39 GMT-0500 (Central Daylight Time): GET /project
Wed Jul 19 2017 16:47:42 GMT-0500 (Central Daylight Time): GET /
Wed Jul 19 2017 16:47:44 GMT-0500 (Central Daylight Time): GET /about
Wed Jul 19 2017 18:13:34 GMT-0500 (Central Daylight Time): GET /
Wed Jul 19 2017 18:14:15 GMT-0500 (Central Daylight Time): GET /
Wed Jul 19 2017 18:14:17 GMT-0500 (Central Daylight Time): GET /
Wed Jul 19 2017 18:14:28 GMT-0500 (Central Daylight Time): GET /
Wed Jul 19 2017 18:14:29 GMT-0500 (Central Daylight Time): GET /
Wed Jul 19 2017 18:14:40 GMT-0500 (Central Daylight Time): GET /
Wed Jul 19 2017 18:15:24 GMT-0500 (Central Daylight Time): GET /
Wed Jul 19 2017 18:15:24 GMT-0500 (Central Daylight Time): GET /images/pic2.jpg
Wed Jul 19 2017 18:15:24 GMT-0500 (Central Daylight Time): GET /images/pic1.jpg
Wed Jul 19 2017 18:15:24 GMT-0500 (Central Daylight Time): GET /assets/js/jquery.min.js
Wed Jul 19 2017 18:15:24 GMT-0500 (Central Daylight Time): GET /assets/js/skel.min.js
Wed Jul 19 2017 18:15:24 GMT-0500 (Central Daylight Time): GET /assets/css/main.css
Wed Jul 19 2017 18:15:24 GMT-0500 (Central Daylight Time): GET /assets/js/main.js
Wed Jul 19 2017 18:15:24 GMT-0500 (Central Daylight Time): GET /assets/js/util.js
Wed Jul 19 2017 18:15:24 GMT-0500 (Central Daylight Time): GET /assets/js/skel-viewport.min.js
Wed Jul 19 2017 18:15:24 GMT-0500 (Central Daylight Time): GET /images/pic3.jpg
Wed Jul 19 2017 18:15:24 GMT-0500 (Central Daylight Time): GET /images/pic4.jpg
Wed Jul 19 2017 18:15:24 GMT-0500 (Central Daylight Time): GET /images/pic5.jpg
Wed Jul 19 2017 18:15:24 GMT-0500 (Central Daylight Time): GET /images/pic6.jpg
Wed Jul 19 2017 18:15:25 GMT-0500 (Central Daylight Time): GET /assets/js/skel.min.js
Wed Jul 19 2017 18:15:25 GMT-0500 (Central Daylight Time): GET /assets/js/skel-viewport.min.js
Wed Jul 19 2017 18:15:25 GMT-0500 (Central Daylight Time): GET /assets/js/util.js
Wed Jul 19 2017 18:15:25 GMT-0500 (Central Daylight Time): GET /assets/js/main.js
Wed Jul 19 2017 18:15:35 GMT-0500 (Central Daylight Time): GET /index.html
Wed Jul 19 2017 18:15:39 GMT-0500 (Central Daylight Time): GET /twocolumn1.html
Wed Jul 19 2017 18:17:48 GMT-0500 (Central Daylight Time): GET /twocolumn1.html
Wed Jul 19 2017 18:17:50 GMT-0500 (Central Daylight Time): GET /twocolumn1.html
Wed Jul 19 2017 18:17:54 GMT-0500 (Central Daylight Time): GET /
Wed Jul 19 2017 18:17:55 GMT-0500 (Central Daylight Time): GET /assets/css/main.css
Wed Jul 19 2017 18:17:55 GMT-0500 (Central Daylight Time): GET /images/pic2.jpg
Wed Jul 19 2017 18:17:55 GMT-0500 (Central Daylight Time): GET /assets/js/jquery.min.js
Wed Jul 19 2017 18:17:55 GMT-0500 (Central Daylight Time): GET /assets/js/skel.min.js
Wed Jul 19 2017 18:17:55 GMT-0500 (Central Daylight Time): GET /assets/js/skel-viewport.min.js
Wed Jul 19 2017 18:17:55 GMT-0500 (Central Daylight Time): GET /assets/js/util.js
Wed Jul 19 2017 18:17:55 GMT-0500 (Central Daylight Time): GET /images/pic1.jpg
Wed Jul 19 2017 18:17:55 GMT-0500 (Central Daylight Time): GET /images/pic3.jpg
Wed Jul 19 2017 18:17:55 GMT-0500 (Central Daylight Time): GET /assets/js/main.js
Wed Jul 19 2017 18:17:55 GMT-0500 (Central Daylight Time): GET /images/pic4.jpg
Wed Jul 19 2017 18:17:55 GMT-0500 (Central Daylight Time): GET /images/pic5.jpg
Wed Jul 19 2017 18:17:55 GMT-0500 (Central Daylight Time): GET /images/pic6.jpg
Wed Jul 19 2017 18:17:55 GMT-0500 (Central Daylight Time): GET /assets/js/skel.min.js
Wed Jul 19 2017 18:17:55 GMT-0500 (Central Daylight Time): GET /assets/js/skel-viewport.min.js
Wed Jul 19 2017 18:17:55 GMT-0500 (Central Daylight Time): GET /assets/js/util.js
Wed Jul 19 2017 18:17:55 GMT-0500 (Central Daylight Time): GET /assets/js/main.js
Wed Jul 19 2017 18:17:56 GMT-0500 (Central Daylight Time): GET /
Wed Jul 19 2017 18:17:57 GMT-0500 (Central Daylight Time): GET /assets/css/main.css
Wed Jul 19 2017 18:17:57 GMT-0500 (Central Daylight Time): GET /images/pic2.jpg
Wed Jul 19 2017 18:17:57 GMT-0500 (Central Daylight Time): GET /images/pic1.jpg
Wed Jul 19 2017 18:17:57 GMT-0500 (Central Daylight Time): GET /images/pic3.jpg
Wed Jul 19 2017 18:17:57 GMT-0500 (Central Daylight Time): GET /images/pic4.jpg
Wed Jul 19 2017 18:17:57 GMT-0500 (Central Daylight Time): GET /images/pic5.jpg
Wed Jul 19 2017 18:17:57 GMT-0500 (Central Daylight Time): GET /images/pic6.jpg
Wed Jul 19 2017 18:17:57 GMT-0500 (Central Daylight Time): GET /assets/js/jquery.min.js
Wed Jul 19 2017 18:17:57 GMT-0500 (Central Daylight Time): GET /assets/js/skel.min.js
Wed Jul 19 2017 18:17:57 GMT-0500 (Central Daylight Time): GET /assets/js/skel-viewport.min.js
Wed Jul 19 2017 18:17:57 GMT-0500 (Central Daylight Time): GET /assets/js/util.js
Wed Jul 19 2017 18:17:57 GMT-0500 (Central Daylight Time): GET /assets/js/main.js
Wed Jul 19 2017 18:17:57 GMT-0500 (Central Daylight Time): GET /assets/js/skel.min.js
Wed Jul 19 2017 18:17:57 GMT-0500 (Central Daylight Time): GET /assets/js/skel-viewport.min.js
Wed Jul 19 2017 18:17:57 GMT-0500 (Central Daylight Time): GET /assets/js/util.js
Wed Jul 19 2017 18:17:57 GMT-0500 (Central Daylight Time): GET /assets/js/main.js
Wed Jul 19 2017 18:19:59 GMT-0500 (Central Daylight Time): GET /
Wed Jul 19 2017 18:20:00 GMT-0500 (Central Daylight Time): GET /views/assets/css/main.css
Wed Jul 19 2017 18:20:00 GMT-0500 (Central Daylight Time): GET /images/pic2.jpg
Wed Jul 19 2017 18:20:00 GMT-0500 (Central Daylight Time): GET /images/pic1.jpg
Wed Jul 19 2017 18:20:00 GMT-0500 (Central Daylight Time): GET /images/pic3.jpg
Wed Jul 19 2017 18:20:00 GMT-0500 (Central Daylight Time): GET /images/pic4.jpg
Wed Jul 19 2017 18:20:00 GMT-0500 (Central Daylight Time): GET /images/pic5.jpg
Wed Jul 19 2017 18:20:00 GMT-0500 (Central Daylight Time): GET /images/pic6.jpg
Wed Jul 19 2017 18:20:00 GMT-0500 (Central Daylight Time): GET /assets/js/jquery.min.js
Wed Jul 19 2017 18:20:00 GMT-0500 (Central Daylight Time): GET /assets/js/skel.min.js
Wed Jul 19 2017 18:20:00 GMT-0500 (Central Daylight Time): GET /assets/js/skel-viewport.min.js
Wed Jul 19 2017 18:20:00 GMT-0500 (Central Daylight Time): GET /assets/js/util.js
Wed Jul 19 2017 18:20:00 GMT-0500 (Central Daylight Time): GET /assets/js/main.js
Wed Jul 19 2017 18:20:00 GMT-0500 (Central Daylight Time): GET /assets/js/skel.min.js
Wed Jul 19 2017 18:20:00 GMT-0500 (Central Daylight Time): GET /assets/js/skel-viewport.min.js
Wed Jul 19 2017 18:20:00 GMT-0500 (Central Daylight Time): GET /assets/js/util.js
Wed Jul 19 2017 18:20:00 GMT-0500 (Central Daylight Time): GET /assets/js/main.js
Wed Jul 19 2017 18:20:02 GMT-0500 (Central Daylight Time): GET /
Wed Jul 19 2017 18:20:02 GMT-0500 (Central Daylight Time): GET /views/assets/css/main.css
Wed Jul 19 2017 18:20:02 GMT-0500 (Central Daylight Time): GET /images/pic2.jpg
Wed Jul 19 2017 18:20:02 GMT-0500 (Central Daylight Time): GET /images/pic1.jpg
Wed Jul 19 2017 18:20:02 GMT-0500 (Central Daylight Time): GET /images/pic3.jpg
Wed Jul 19 2017 18:20:02 GMT-0500 (Central Daylight Time): GET /images/pic4.jpg
Wed Jul 19 2017 18:20:02 GMT-0500 (Central Daylight Time): GET /images/pic5.jpg
Wed Jul 19 2017 18:20:02 GMT-0500 (Central Daylight Time): GET /images/pic6.jpg
Wed Jul 19 2017 18:20:02 GMT-0500 (Central Daylight Time): GET /assets/js/jquery.min.js
Wed Jul 19 2017 18:20:02 GMT-0500 (Central Daylight Time): GET /assets/js/skel.min.js
Wed Jul 19 2017 18:20:02 GMT-0500 (Central Daylight Time): GET /assets/js/skel-viewport.min.js
Wed Jul 19 2017 18:20:02 GMT-0500 (Central Daylight Time): GET /assets/js/util.js
Wed Jul 19 2017 18:20:02 GMT-0500 (Central Daylight Time): GET /assets/js/main.js
Wed Jul 19 2017 18:20:02 GMT-0500 (Central Daylight Time): GET /assets/js/skel.min.js
Wed Jul 19 2017 18:20:02 GMT-0500 (Central Daylight Time): GET /assets/js/skel-viewport.min.js
Wed Jul 19 2017 18:20:02 GMT-0500 (Central Daylight Time): GET /assets/js/util.js
Wed Jul 19 2017 18:20:02 GMT-0500 (Central Daylight Time): GET /assets/js/main.js
Wed Jul 19 2017 18:20:03 GMT-0500 (Central Daylight Time): GET /
Wed Jul 19 2017 18:20:04 GMT-0500 (Central Daylight Time): GET /views/assets/css/main.css
Wed Jul 19 2017 18:20:04 GMT-0500 (Central Daylight Time): GET /images/pic2.jpg
Wed Jul 19 2017 18:20:04 GMT-0500 (Central Daylight Time): GET /images/pic1.jpg
Wed Jul 19 2017 18:20:04 GMT-0500 (Central Daylight Time): GET /images/pic3.jpg
Wed Jul 19 2017 18:20:04 GMT-0500 (Central Daylight Time): GET /images/pic4.jpg
Wed Jul 19 2017 18:20:04 GMT-0500 (Central Daylight Time): GET /images/pic5.jpg
Wed Jul 19 2017 18:20:04 GMT-0500 (Central Daylight Time): GET /images/pic6.jpg
Wed Jul 19 2017 18:20:04 GMT-0500 (Central Daylight Time): GET /assets/js/jquery.min.js
Wed Jul 19 2017 18:20:04 GMT-0500 (Central Daylight Time): GET /assets/js/skel.min.js
Wed Jul 19 2017 18:20:04 GMT-0500 (Central Daylight Time): GET /assets/js/skel-viewport.min.js
Wed Jul 19 2017 18:20:04 GMT-0500 (Central Daylight Time): GET /assets/js/util.js
Wed Jul 19 2017 18:20:04 GMT-0500 (Central Daylight Time): GET /assets/js/main.js
Wed Jul 19 2017 18:20:04 GMT-0500 (Central Daylight Time): GET /assets/js/skel.min.js
Wed Jul 19 2017 18:20:04 GMT-0500 (Central Daylight Time): GET /assets/js/skel-viewport.min.js
Wed Jul 19 2017 18:20:04 GMT-0500 (Central Daylight Time): GET /assets/js/util.js
Wed Jul 19 2017 18:20:04 GMT-0500 (Central Daylight Time): GET /assets/js/main.js
Wed Jul 19 2017 18:20:25 GMT-0500 (Central Daylight Time): GET /
Wed Jul 19 2017 18:20:25 GMT-0500 (Central Daylight Time): GET /views/assets/css/main.css
Wed Jul 19 2017 18:20:25 GMT-0500 (Central Daylight Time): GET /images/pic2.jpg
Wed Jul 19 2017 18:20:25 GMT-0500 (Central Daylight Time): GET /images/pic1.jpg
Wed Jul 19 2017 18:20:25 GMT-0500 (Central Daylight Time): GET /images/pic3.jpg
Wed Jul 19 2017 18:20:25 GMT-0500 (Central Daylight Time): GET /images/pic4.jpg
Wed Jul 19 2017 18:20:25 GMT-0500 (Central Daylight Time): GET /images/pic5.jpg
Wed Jul 19 2017 18:20:25 GMT-0500 (Central Daylight Time): GET /images/pic6.jpg
Wed Jul 19 2017 18:20:25 GMT-0500 (Central Daylight Time): GET /assets/js/jquery.min.js
Wed Jul 19 2017 18:20:25 GMT-0500 (Central Daylight Time): GET /assets/js/skel.min.js
Wed Jul 19 2017 18:20:25 GMT-0500 (Central Daylight Time): GET /assets/js/skel-viewport.min.js
Wed Jul 19 2017 18:20:25 GMT-0500 (Central Daylight Time): GET /assets/js/util.js
Wed Jul 19 2017 18:20:25 GMT-0500 (Central Daylight Time): GET /assets/js/main.js
Wed Jul 19 2017 18:20:26 GMT-0500 (Central Daylight Time): GET /assets/js/skel.min.js
Wed Jul 19 2017 18:20:26 GMT-0500 (Central Daylight Time): GET /assets/js/skel-viewport.min.js
Wed Jul 19 2017 18:20:26 GMT-0500 (Central Daylight Time): GET /assets/js/util.js
Wed Jul 19 2017 18:20:26 GMT-0500 (Central Daylight Time): GET /assets/js/main.js
Wed Jul 19 2017 18:24:48 GMT-0500 (Central Daylight Time): GET /
Wed Jul 19 2017 18:24:48 GMT-0500 (Central Daylight Time): GET /views/assets/css/main.css
Wed Jul 19 2017 18:24:48 GMT-0500 (Central Daylight Time): GET /assets/js/jquery.min.js
Wed Jul 19 2017 18:24:48 GMT-0500 (Central Daylight Time): GET /assets/js/skel.min.js
Wed Jul 19 2017 18:24:48 GMT-0500 (Central Daylight Time): GET /assets/js/skel-viewport.min.js
Wed Jul 19 2017 18:24:48 GMT-0500 (Central Daylight Time): GET /images/pic1.jpg
Wed Jul 19 2017 18:24:48 GMT-0500 (Central Daylight Time): GET /images/pic2.jpg
Wed Jul 19 2017 18:24:48 GMT-0500 (Central Daylight Time): GET /assets/js/main.js
Wed Jul 19 2017 18:24:48 GMT-0500 (Central Daylight Time): GET /assets/js/util.js
Wed Jul 19 2017 18:24:48 GMT-0500 (Central Daylight Time): GET /images/pic3.jpg
Wed Jul 19 2017 18:24:48 GMT-0500 (Central Daylight Time): GET /images/pic4.jpg
Wed Jul 19 2017 18:24:48 GMT-0500 (Central Daylight Time): GET /images/pic5.jpg
Wed Jul 19 2017 18:24:48 GMT-0500 (Central Daylight Time): GET /images/pic6.jpg
Wed Jul 19 2017 18:24:48 GMT-0500 (Central Daylight Time): GET /assets/js/skel-viewport.min.js
Wed Jul 19 2017 18:24:48 GMT-0500 (Central Daylight Time): GET /assets/js/util.js
Wed Jul 19 2017 18:24:49 GMT-0500 (Central Daylight Time): GET /assets/js/main.js
Wed Jul 19 2017 18:24:50 GMT-0500 (Central Daylight Time): GET /
Wed Jul 19 2017 18:24:50 GMT-0500 (Central Daylight Time): GET /views/assets/css/main.css
Wed Jul 19 2017 18:24:50 GMT-0500 (Central Daylight Time): GET /images/pic2.jpg
Wed Jul 19 2017 18:24:50 GMT-0500 (Central Daylight Time): GET /images/pic1.jpg
Wed Jul 19 2017 18:24:50 GMT-0500 (Central Daylight Time): GET /images/pic3.jpg
Wed Jul 19 2017 18:24:50 GMT-0500 (Central Daylight Time): GET /images/pic4.jpg
Wed Jul 19 2017 18:24:50 GMT-0500 (Central Daylight Time): GET /images/pic5.jpg
Wed Jul 19 2017 18:24:50 GMT-0500 (Central Daylight Time): GET /images/pic6.jpg
Wed Jul 19 2017 18:24:50 GMT-0500 (Central Daylight Time): GET /assets/js/jquery.min.js
Wed Jul 19 2017 18:24:50 GMT-0500 (Central Daylight Time): GET /assets/js/skel.min.js
Wed Jul 19 2017 18:24:50 GMT-0500 (Central Daylight Time): GET /assets/js/skel-viewport.min.js
Wed Jul 19 2017 18:24:50 GMT-0500 (Central Daylight Time): GET /assets/js/util.js
Wed Jul 19 2017 18:24:50 GMT-0500 (Central Daylight Time): GET /assets/js/main.js
Wed Jul 19 2017 18:24:50 GMT-0500 (Central Daylight Time): GET /assets/js/skel.min.js
Wed Jul 19 2017 18:24:50 GMT-0500 (Central Daylight Time): GET /assets/js/skel-viewport.min.js
Wed Jul 19 2017 18:24:51 GMT-0500 (Central Daylight Time): GET /assets/js/util.js
Wed Jul 19 2017 18:24:51 GMT-0500 (Central Daylight Time): GET /assets/js/main.js
Wed Jul 19 2017 18:25:44 GMT-0500 (Central Daylight Time): GET /
Wed Jul 19 2017 18:25:45 GMT-0500 (Central Daylight Time): GET /assets/css/main.css
Wed Jul 19 2017 18:25:45 GMT-0500 (Central Daylight Time): GET /images/pic2.jpg
Wed Jul 19 2017 18:25:45 GMT-0500 (Central Daylight Time): GET /images/pic1.jpg
Wed Jul 19 2017 18:25:45 GMT-0500 (Central Daylight Time): GET /images/pic3.jpg
Wed Jul 19 2017 18:25:45 GMT-0500 (Central Daylight Time): GET /images/pic4.jpg
Wed Jul 19 2017 18:25:45 GMT-0500 (Central Daylight Time): GET /images/pic5.jpg
Wed Jul 19 2017 18:25:45 GMT-0500 (Central Daylight Time): GET /images/pic6.jpg
Wed Jul 19 2017 18:25:45 GMT-0500 (Central Daylight Time): GET /assets/js/jquery.min.js
Wed Jul 19 2017 18:25:45 GMT-0500 (Central Daylight Time): GET /assets/js/skel.min.js
Wed Jul 19 2017 18:25:45 GMT-0500 (Central Daylight Time): GET /assets/js/skel-viewport.min.js
Wed Jul 19 2017 18:25:45 GMT-0500 (Central Daylight Time): GET /assets/js/util.js
Wed Jul 19 2017 18:25:45 GMT-0500 (Central Daylight Time): GET /assets/js/main.js
Wed Jul 19 2017 18:25:45 GMT-0500 (Central Daylight Time): GET /assets/js/skel.min.js
Wed Jul 19 2017 18:25:45 GMT-0500 (Central Daylight Time): GET /assets/js/skel-viewport.min.js
Wed Jul 19 2017 18:25:45 GMT-0500 (Central Daylight Time): GET /assets/js/util.js
Wed Jul 19 2017 18:25:45 GMT-0500 (Central Daylight Time): GET /assets/js/main.js
Wed Jul 19 2017 18:28:30 GMT-0500 (Central Daylight Time): GET /help.html
Wed Jul 19 2017 18:32:25 GMT-0500 (Central Daylight Time): GET /
Wed Jul 19 2017 18:36:13 GMT-0500 (Central Daylight Time): GET /
Wed Jul 19 2017 18:36:43 GMT-0500 (Central Daylight Time): GET /
Wed Jul 19 2017 18:36:43 GMT-0500 (Central Daylight Time): GET /assets/css/main.css
Wed Jul 19 2017 18:36:43 GMT-0500 (Central Daylight Time): GET /assets/js/jquery.min.js
Wed Jul 19 2017 18:36:43 GMT-0500 (Central Daylight Time): GET /assets/js/skel.min.js
Wed Jul 19 2017 18:36:43 GMT-0500 (Central Daylight Time): GET /assets/js/skel-viewport.min.js
Wed Jul 19 2017 18:36:43 GMT-0500 (Central Daylight Time): GET /images/pic1.jpg
Wed Jul 19 2017 18:36:43 GMT-0500 (Central Daylight Time): GET /images/pic2.jpg
Wed Jul 19 2017 18:36:43 GMT-0500 (Central Daylight Time): GET /assets/js/main.js
Wed Jul 19 2017 18:36:43 GMT-0500 (Central Daylight Time): GET /assets/js/util.js
Wed Jul 19 2017 18:36:43 GMT-0500 (Central Daylight Time): GET /images/pic3.jpg
Wed Jul 19 2017 18:36:43 GMT-0500 (Central Daylight Time): GET /images/pic4.jpg
Wed Jul 19 2017 18:36:43 GMT-0500 (Central Daylight Time): GET /images/pic5.jpg
Wed Jul 19 2017 18:36:43 GMT-0500 (Central Daylight Time): GET /images/pic6.jpg
Wed Jul 19 2017 18:36:43 GMT-0500 (Central Daylight Time): GET /assets/js/skel-viewport.min.js
Wed Jul 19 2017 18:36:43 GMT-0500 (Central Daylight Time): GET /assets/js/util.js
Wed Jul 19 2017 18:36:44 GMT-0500 (Central Daylight Time): GET /assets/js/main.js
Wed Jul 19 2017 18:36:59 GMT-0500 (Central Daylight Time): GET /twocolumn1.html
Wed Jul 19 2017 18:39:13 GMT-0500 (Central Daylight Time): GET /
Wed Jul 19 2017 18:40:23 GMT-0500 (Central Daylight Time): GET /
Wed Jul 19 2017 18:40:23 GMT-0500 (Central Daylight Time): GET /assets/css/main.css
Wed Jul 19 2017 18:40:23 GMT-0500 (Central Daylight Time): GET /images/pic5.jpg
Wed Jul 19 2017 18:40:23 GMT-0500 (Central Daylight Time): GET /assets/js/jquery.min.js
Wed Jul 19 2017 18:40:23 GMT-0500 (Central Daylight Time): GET /assets/js/skel.min.js
Wed Jul 19 2017 18:40:23 GMT-0500 (Central Daylight Time): GET /assets/js/main.js
Wed Jul 19 2017 18:40:23 GMT-0500 (Central Daylight Time): GET /assets/js/util.js
Wed Jul 19 2017 18:40:23 GMT-0500 (Central Daylight Time): GET /assets/js/skel-viewport.min.js
Wed Jul 19 2017 18:40:23 GMT-0500 (Central Daylight Time): GET /images/pic2.jpg
Wed Jul 19 2017 18:40:23 GMT-0500 (Central Daylight Time): GET /images/pic1.jpg
Wed Jul 19 2017 18:40:23 GMT-0500 (Central Daylight Time): GET /images/pic3.jpg
Wed Jul 19 2017 18:40:23 GMT-0500 (Central Daylight Time): GET /images/pic4.jpg
Wed Jul 19 2017 18:40:23 GMT-0500 (Central Daylight Time): GET /images/pic6.jpg
Wed Jul 19 2017 18:40:24 GMT-0500 (Central Daylight Time): GET /assets/js/skel.min.js
Wed Jul 19 2017 18:40:24 GMT-0500 (Central Daylight Time): GET /assets/js/skel-viewport.min.js
Wed Jul 19 2017 18:40:24 GMT-0500 (Central Daylight Time): GET /assets/js/util.js
Wed Jul 19 2017 18:40:24 GMT-0500 (Central Daylight Time): GET /assets/js/main.js
Wed Jul 19 2017 18:40:51 GMT-0500 (Central Daylight Time): GET /
Wed Jul 19 2017 18:40:51 GMT-0500 (Central Daylight Time): GET /assets/css/main.css
Wed Jul 19 2017 18:40:51 GMT-0500 (Central Daylight Time): GET /images/pic2.jpg
Wed Jul 19 2017 18:40:51 GMT-0500 (Central Daylight Time): GET /assets/js/jquery.min.js
Wed Jul 19 2017 18:40:51 GMT-0500 (Central Daylight Time): GET /assets/js/skel.min.js
Wed Jul 19 2017 18:40:51 GMT-0500 (Central Daylight Time): GET /assets/js/skel-viewport.min.js
Wed Jul 19 2017 18:40:51 GMT-0500 (Central Daylight Time): GET /assets/js/util.js
Wed Jul 19 2017 18:40:51 GMT-0500 (Central Daylight Time): GET /assets/js/main.js
Wed Jul 19 2017 18:40:51 GMT-0500 (Central Daylight Time): GET /images/pic1.jpg
Wed Jul 19 2017 18:40:51 GMT-0500 (Central Daylight Time): GET /images/pic3.jpg
Wed Jul 19 2017 18:40:51 GMT-0500 (Central Daylight Time): GET /images/pic4.jpg
Wed Jul 19 2017 18:40:51 GMT-0500 (Central Daylight Time): GET /images/pic5.jpg
Wed Jul 19 2017 18:40:51 GMT-0500 (Central Daylight Time): GET /images/pic6.jpg
Wed Jul 19 2017 18:40:51 GMT-0500 (Central Daylight Time): GET /assets/js/skel.min.js
Wed Jul 19 2017 18:40:52 GMT-0500 (Central Daylight Time): GET /assets/js/skel-viewport.min.js
Wed Jul 19 2017 18:40:52 GMT-0500 (Central Daylight Time): GET /assets/js/util.js
Wed Jul 19 2017 18:40:52 GMT-0500 (Central Daylight Time): GET /assets/js/main.js
Wed Jul 19 2017 18:40:53 GMT-0500 (Central Daylight Time): GET /
Wed Jul 19 2017 18:40:53 GMT-0500 (Central Daylight Time): GET /assets/css/main.css
Wed Jul 19 2017 18:40:53 GMT-0500 (Central Daylight Time): GET /images/pic2.jpg
Wed Jul 19 2017 18:40:53 GMT-0500 (Central Daylight Time): GET /images/pic1.jpg
Wed Jul 19 2017 18:40:53 GMT-0500 (Central Daylight Time): GET /images/pic3.jpg
Wed Jul 19 2017 18:40:53 GMT-0500 (Central Daylight Time): GET /images/pic4.jpg
Wed Jul 19 2017 18:40:53 GMT-0500 (Central Daylight Time): GET /images/pic5.jpg
Wed Jul 19 2017 18:40:53 GMT-0500 (Central Daylight Time): GET /images/pic6.jpg
Wed Jul 19 2017 18:40:53 GMT-0500 (Central Daylight Time): GET /assets/js/jquery.min.js
Wed Jul 19 2017 18:40:53 GMT-0500 (Central Daylight Time): GET /assets/js/skel.min.js
Wed Jul 19 2017 18:40:53 GMT-0500 (Central Daylight Time): GET /assets/js/skel-viewport.min.js
Wed Jul 19 2017 18:40:53 GMT-0500 (Central Daylight Time): GET /assets/js/util.js
Wed Jul 19 2017 18:40:53 GMT-0500 (Central Daylight Time): GET /assets/js/main.js
Wed Jul 19 2017 18:40:54 GMT-0500 (Central Daylight Time): GET /assets/js/skel.min.js
Wed Jul 19 2017 18:40:54 GMT-0500 (Central Daylight Time): GET /assets/js/skel-viewport.min.js
Wed Jul 19 2017 18:40:54 GMT-0500 (Central Daylight Time): GET /assets/js/util.js
Wed Jul 19 2017 18:40:54 GMT-0500 (Central Daylight Time): GET /assets/js/main.js
Wed Jul 19 2017 18:46:33 GMT-0500 (Central Daylight Time): GET /
Wed Jul 19 2017 18:46:34 GMT-0500 (Central Daylight Time): GET /assets/css/main.css
Wed Jul 19 2017 18:46:34 GMT-0500 (Central Daylight Time): GET /images/pic2.jpg
Wed Jul 19 2017 18:46:34 GMT-0500 (Central Daylight Time): GET /images/pic1.jpg
Wed Jul 19 2017 18:46:34 GMT-0500 (Central Daylight Time): GET /images/pic3.jpg
Wed Jul 19 2017 18:46:34 GMT-0500 (Central Daylight Time): GET /images/pic4.jpg
Wed Jul 19 2017 18:46:34 GMT-0500 (Central Daylight Time): GET /images/pic5.jpg
Wed Jul 19 2017 18:46:34 GMT-0500 (Central Daylight Time): GET /images/pic6.jpg
Wed Jul 19 2017 18:46:34 GMT-0500 (Central Daylight Time): GET /assets/js/jquery.min.js
Wed Jul 19 2017 18:46:34 GMT-0500 (Central Daylight Time): GET /assets/js/skel.min.js
Wed Jul 19 2017 18:46:34 GMT-0500 (Central Daylight Time): GET /assets/js/skel-viewport.min.js
Wed Jul 19 2017 18:46:34 GMT-0500 (Central Daylight Time): GET /assets/js/util.js
Wed Jul 19 2017 18:46:34 GMT-0500 (Central Daylight Time): GET /assets/js/main.js
Wed Jul 19 2017 18:46:34 GMT-0500 (Central Daylight Time): GET /assets/js/skel.min.js
Wed Jul 19 2017 18:46:34 GMT-0500 (Central Daylight Time): GET /assets/js/skel-viewport.min.js
Wed Jul 19 2017 18:46:34 GMT-0500 (Central Daylight Time): GET /assets/js/util.js
Wed Jul 19 2017 18:46:34 GMT-0500 (Central Daylight Time): GET /assets/js/main.js
Wed Jul 19 2017 18:46:35 GMT-0500 (Central Daylight Time): GET /
Wed Jul 19 2017 18:46:36 GMT-0500 (Central Daylight Time): GET /assets/css/main.css
Wed Jul 19 2017 18:46:36 GMT-0500 (Central Daylight Time): GET /images/pic2.jpg
Wed Jul 19 2017 18:46:36 GMT-0500 (Central Daylight Time): GET /images/pic1.jpg
Wed Jul 19 2017 18:46:36 GMT-0500 (Central Daylight Time): GET /images/pic3.jpg
Wed Jul 19 2017 18:46:36 GMT-0500 (Central Daylight Time): GET /images/pic4.jpg
Wed Jul 19 2017 18:46:36 GMT-0500 (Central Daylight Time): GET /images/pic5.jpg
Wed Jul 19 2017 18:46:36 GMT-0500 (Central Daylight Time): GET /images/pic6.jpg
Wed Jul 19 2017 18:46:36 GMT-0500 (Central Daylight Time): GET /assets/js/jquery.min.js
Wed Jul 19 2017 18:46:36 GMT-0500 (Central Daylight Time): GET /assets/js/skel.min.js
Wed Jul 19 2017 18:46:36 GMT-0500 (Central Daylight Time): GET /assets/js/skel-viewport.min.js
Wed Jul 19 2017 18:46:36 GMT-0500 (Central Daylight Time): GET /assets/js/util.js
Wed Jul 19 2017 18:46:36 GMT-0500 (Central Daylight Time): GET /assets/js/main.js
Wed Jul 19 2017 18:46:36 GMT-0500 (Central Daylight Time): GET /assets/js/skel.min.js
Wed Jul 19 2017 18:46:36 GMT-0500 (Central Daylight Time): GET /assets/js/skel-viewport.min.js
Wed Jul 19 2017 18:46:36 GMT-0500 (Central Daylight Time): GET /assets/js/util.js
Wed Jul 19 2017 18:46:36 GMT-0500 (Central Daylight Time): GET /assets/js/main.js
Wed Jul 19 2017 18:51:18 GMT-0500 (Central Daylight Time): GET /
Wed Jul 19 2017 18:52:09 GMT-0500 (Central Daylight Time): GET /
Wed Jul 19 2017 18:52:11 GMT-0500 (Central Daylight Time): GET /
Wed Jul 19 2017 18:52:13 GMT-0500 (Central Daylight Time): GET /
Wed Jul 19 2017 18:54:10 GMT-0500 (Central Daylight Time): GET /
Wed Jul 19 2017 18:55:38 GMT-0500 (Central Daylight Time): GET /
Wed Jul 19 2017 18:57:15 GMT-0500 (Central Daylight Time): GET /
Wed Jul 19 2017 18:57:17 GMT-0500 (Central Daylight Time): GET /
Wed Jul 19 2017 18:57:19 GMT-0500 (Central Daylight Time): GET /
Wed Jul 19 2017 22:25:20 GMT-0500 (Central Daylight Time): GET /
Wed Jul 19 2017 22:34:02 GMT-0500 (Central Daylight Time): GET /
Wed Jul 19 2017 22:36:01 GMT-0500 (Central Daylight Time): GET /
Wed Jul 19 2017 22:36:03 GMT-0500 (Central Daylight Time): GET /
Wed Jul 19 2017 22:36:31 GMT-0500 (Central Daylight Time): GET /
Wed Jul 19 2017 22:36:33 GMT-0500 (Central Daylight Time): GET /
Wed Jul 19 2017 22:36:43 GMT-0500 (Central Daylight Time): GET /
Wed Jul 19 2017 22:36:45 GMT-0500 (Central Daylight Time): GET /
Wed Jul 19 2017 22:37:09 GMT-0500 (Central Daylight Time): GET /
Wed Jul 19 2017 22:37:09 GMT-0500 (Central Daylight Time): GET /assets/css/main.css
Wed Jul 19 2017 22:37:10 GMT-0500 (Central Daylight Time): GET /images/pic2.jpg
Wed Jul 19 2017 22:37:10 GMT-0500 (Central Daylight Time): GET /assets/js/util.js
Wed Jul 19 2017 22:37:10 GMT-0500 (Central Daylight Time): GET /assets/js/skel-viewport.min.js
Wed Jul 19 2017 22:37:10 GMT-0500 (Central Daylight Time): GET /assets/js/skel.min.js
Wed Jul 19 2017 22:37:10 GMT-0500 (Central Daylight Time): GET /assets/js/jquery.min.js
Wed Jul 19 2017 22:37:10 GMT-0500 (Central Daylight Time): GET /assets/js/main.js
Wed Jul 19 2017 22:37:10 GMT-0500 (Central Daylight Time): GET /images/pic1.jpg
Wed Jul 19 2017 22:37:10 GMT-0500 (Central Daylight Time): GET /images/pic3.jpg
Wed Jul 19 2017 22:37:10 GMT-0500 (Central Daylight Time): GET /images/pic4.jpg
Wed Jul 19 2017 22:37:10 GMT-0500 (Central Daylight Time): GET /images/pic5.jpg
Wed Jul 19 2017 22:37:10 GMT-0500 (Central Daylight Time): GET /images/pic6.jpg
Wed Jul 19 2017 22:37:10 GMT-0500 (Central Daylight Time): GET /assets/js/skel.min.js
Wed Jul 19 2017 22:37:10 GMT-0500 (Central Daylight Time): GET /assets/js/skel-viewport.min.js
Wed Jul 19 2017 22:37:10 GMT-0500 (Central Daylight Time): GET /assets/js/util.js
Wed Jul 19 2017 22:37:10 GMT-0500 (Central Daylight Time): GET /assets/js/main.js
Wed Jul 19 2017 22:39:31 GMT-0500 (Central Daylight Time): GET /
Wed Jul 19 2017 22:39:31 GMT-0500 (Central Daylight Time): GET /assets/css/main.css
Wed Jul 19 2017 22:39:31 GMT-0500 (Central Daylight Time): GET /images/pic2.jpg
Wed Jul 19 2017 22:39:31 GMT-0500 (Central Daylight Time): GET /images/pic1.jpg
Wed Jul 19 2017 22:39:31 GMT-0500 (Central Daylight Time): GET /images/pic3.jpg
Wed Jul 19 2017 22:39:31 GMT-0500 (Central Daylight Time): GET /images/pic6.jpg
Wed Jul 19 2017 22:39:31 GMT-0500 (Central Daylight Time): GET /images/pic5.jpg
Wed Jul 19 2017 22:39:31 GMT-0500 (Central Daylight Time): GET /images/pic4.jpg
Wed Jul 19 2017 22:39:31 GMT-0500 (Central Daylight Time): GET /assets/js/jquery.min.js
Wed Jul 19 2017 22:39:31 GMT-0500 (Central Daylight Time): GET /assets/js/skel.min.js
Wed Jul 19 2017 22:39:31 GMT-0500 (Central Daylight Time): GET /assets/js/skel-viewport.min.js
Wed Jul 19 2017 22:39:31 GMT-0500 (Central Daylight Time): GET /assets/js/util.js
Wed Jul 19 2017 22:39:31 GMT-0500 (Central Daylight Time): GET /assets/js/main.js
Wed Jul 19 2017 22:39:32 GMT-0500 (Central Daylight Time): GET /assets/css/images/bg1.png
Wed Jul 19 2017 22:39:32 GMT-0500 (Central Daylight Time): GET /assets/css/images/banner.jpg
Wed Jul 19 2017 22:39:32 GMT-0500 (Central Daylight Time): GET /assets/css/images/icon-bubble.png
Wed Jul 19 2017 22:40:41 GMT-0500 (Central Daylight Time): GET /
Wed Jul 19 2017 22:40:42 GMT-0500 (Central Daylight Time): GET /assets/css/main.css
Wed Jul 19 2017 22:40:42 GMT-0500 (Central Daylight Time): GET /assets/js/jquery.min.js
Wed Jul 19 2017 22:40:42 GMT-0500 (Central Daylight Time): GET /assets/js/skel.min.js
Wed Jul 19 2017 22:40:42 GMT-0500 (Central Daylight Time): GET /assets/js/skel-viewport.min.js
Wed Jul 19 2017 22:40:42 GMT-0500 (Central Daylight Time): GET /assets/js/util.js
Wed Jul 19 2017 22:40:42 GMT-0500 (Central Daylight Time): GET /assets/js/main.js
Wed Jul 19 2017 22:40:42 GMT-0500 (Central Daylight Time): GET /images/pic2.jpg
Wed Jul 19 2017 22:40:42 GMT-0500 (Central Daylight Time): GET /images/pic1.jpg
Wed Jul 19 2017 22:40:42 GMT-0500 (Central Daylight Time): GET /images/pic3.jpg
Wed Jul 19 2017 22:40:42 GMT-0500 (Central Daylight Time): GET /images/pic4.jpg
Wed Jul 19 2017 22:40:42 GMT-0500 (Central Daylight Time): GET /images/pic5.jpg
Wed Jul 19 2017 22:40:42 GMT-0500 (Central Daylight Time): GET /images/pic6.jpg
Wed Jul 19 2017 22:40:42 GMT-0500 (Central Daylight Time): GET /assets/css/images/bg1.png
Wed Jul 19 2017 22:40:42 GMT-0500 (Central Daylight Time): GET /assets/css/images/banner.jpg
Wed Jul 19 2017 22:40:42 GMT-0500 (Central Daylight Time): GET /assets/css/images/icon-bubble.png
Wed Jul 19 2017 22:40:44 GMT-0500 (Central Daylight Time): GET /
Wed Jul 19 2017 22:40:45 GMT-0500 (Central Daylight Time): GET /assets/css/main.css
Wed Jul 19 2017 22:40:45 GMT-0500 (Central Daylight Time): GET /assets/js/jquery.min.js
Wed Jul 19 2017 22:40:45 GMT-0500 (Central Daylight Time): GET /assets/js/skel.min.js
Wed Jul 19 2017 22:40:45 GMT-0500 (Central Daylight Time): GET /assets/js/skel-viewport.min.js
Wed Jul 19 2017 22:40:45 GMT-0500 (Central Daylight Time): GET /assets/js/util.js
Wed Jul 19 2017 22:40:45 GMT-0500 (Central Daylight Time): GET /assets/js/main.js
Wed Jul 19 2017 22:40:45 GMT-0500 (Central Daylight Time): GET /images/pic2.jpg
Wed Jul 19 2017 22:40:45 GMT-0500 (Central Daylight Time): GET /images/pic1.jpg
Wed Jul 19 2017 22:40:45 GMT-0500 (Central Daylight Time): GET /images/pic3.jpg
Wed Jul 19 2017 22:40:45 GMT-0500 (Central Daylight Time): GET /images/pic4.jpg
Wed Jul 19 2017 22:40:45 GMT-0500 (Central Daylight Time): GET /images/pic5.jpg
Wed Jul 19 2017 22:40:45 GMT-0500 (Central Daylight Time): GET /images/pic6.jpg
Wed Jul 19 2017 22:40:46 GMT-0500 (Central Daylight Time): GET /assets/css/images/bg1.png
Wed Jul 19 2017 22:40:46 GMT-0500 (Central Daylight Time): GET /assets/css/images/banner.jpg
Wed Jul 19 2017 22:40:46 GMT-0500 (Central Daylight Time): GET /assets/css/images/icon-bubble.png
Wed Jul 19 2017 22:42:17 GMT-0500 (Central Daylight Time): GET /
Wed Jul 19 2017 22:42:18 GMT-0500 (Central Daylight Time): GET /assets/css/main.css
Wed Jul 19 2017 22:42:18 GMT-0500 (Central Daylight Time): GET /assets/js/jquery.min.js
Wed Jul 19 2017 22:42:18 GMT-0500 (Central Daylight Time): GET /assets/js/skel.min.js
Wed Jul 19 2017 22:42:18 GMT-0500 (Central Daylight Time): GET /assets/js/skel-viewport.min.js
Wed Jul 19 2017 22:42:18 GMT-0500 (Central Daylight Time): GET /assets/js/util.js
Wed Jul 19 2017 22:42:18 GMT-0500 (Central Daylight Time): GET /assets/js/main.js
Wed Jul 19 2017 22:42:18 GMT-0500 (Central Daylight Time): GET /images/pic2.jpg
Wed Jul 19 2017 22:42:18 GMT-0500 (Central Daylight Time): GET /images/pic1.jpg
Wed Jul 19 2017 22:42:18 GMT-0500 (Central Daylight Time): GET /images/pic3.jpg
Wed Jul 19 2017 22:42:18 GMT-0500 (Central Daylight Time): GET /images/pic4.jpg
Wed Jul 19 2017 22:42:18 GMT-0500 (Central Daylight Time): GET /images/pic5.jpg
Wed Jul 19 2017 22:42:18 GMT-0500 (Central Daylight Time): GET /images/pic6.jpg
Wed Jul 19 2017 22:42:19 GMT-0500 (Central Daylight Time): GET /assets/css/images/bg1.png
Wed Jul 19 2017 22:42:19 GMT-0500 (Central Daylight Time): GET /assets/css/images/banner.jpg
Wed Jul 19 2017 22:42:19 GMT-0500 (Central Daylight Time): GET /assets/css/images/icon-bubble.png
Wed Jul 19 2017 22:42:21 GMT-0500 (Central Daylight Time): GET /
Wed Jul 19 2017 22:42:21 GMT-0500 (Central Daylight Time): GET /assets/css/main.css
Wed Jul 19 2017 22:42:22 GMT-0500 (Central Daylight Time): GET /assets/js/jquery.min.js
Wed Jul 19 2017 22:42:22 GMT-0500 (Central Daylight Time): GET /assets/js/skel.min.js
Wed Jul 19 2017 22:42:22 GMT-0500 (Central Daylight Time): GET /assets/js/skel-viewport.min.js
Wed Jul 19 2017 22:42:22 GMT-0500 (Central Daylight Time): GET /assets/js/util.js
Wed Jul 19 2017 22:42:22 GMT-0500 (Central Daylight Time): GET /assets/js/main.js
Wed Jul 19 2017 22:42:22 GMT-0500 (Central Daylight Time): GET /images/pic2.jpg
Wed Jul 19 2017 22:42:22 GMT-0500 (Central Daylight Time): GET /images/pic1.jpg
Wed Jul 19 2017 22:42:22 GMT-0500 (Central Daylight Time): GET /images/pic3.jpg
Wed Jul 19 2017 22:42:22 GMT-0500 (Central Daylight Time): GET /images/pic4.jpg
Wed Jul 19 2017 22:42:22 GMT-0500 (Central Daylight Time): GET /images/pic5.jpg
Wed Jul 19 2017 22:42:22 GMT-0500 (Central Daylight Time): GET /images/pic6.jpg
Wed Jul 19 2017 22:42:23 GMT-0500 (Central Daylight Time): GET /assets/css/images/bg1.png
Wed Jul 19 2017 22:42:23 GMT-0500 (Central Daylight Time): GET /assets/css/images/banner.jpg
Wed Jul 19 2017 22:42:23 GMT-0500 (Central Daylight Time): GET /assets/css/images/icon-bubble.png
Wed Jul 19 2017 22:42:25 GMT-0500 (Central Daylight Time): GET /twocolumn1.html
Wed Jul 19 2017 22:42:58 GMT-0500 (Central Daylight Time): GET /
Wed Jul 19 2017 22:42:59 GMT-0500 (Central Daylight Time): GET /assets/css/main.css
Wed Jul 19 2017 22:42:59 GMT-0500 (Central Daylight Time): GET /assets/js/jquery.min.js
Wed Jul 19 2017 22:42:59 GMT-0500 (Central Daylight Time): GET /assets/js/skel.min.js
Wed Jul 19 2017 22:42:59 GMT-0500 (Central Daylight Time): GET /assets/js/skel-viewport.min.js
Wed Jul 19 2017 22:42:59 GMT-0500 (Central Daylight Time): GET /assets/js/main.js
Wed Jul 19 2017 22:42:59 GMT-0500 (Central Daylight Time): GET /assets/js/util.js
Wed Jul 19 2017 22:42:59 GMT-0500 (Central Daylight Time): GET /images/pic2.jpg
Wed Jul 19 2017 22:42:59 GMT-0500 (Central Daylight Time): GET /images/pic1.jpg
Wed Jul 19 2017 22:42:59 GMT-0500 (Central Daylight Time): GET /images/pic3.jpg
Wed Jul 19 2017 22:42:59 GMT-0500 (Central Daylight Time): GET /images/pic4.jpg
Wed Jul 19 2017 22:42:59 GMT-0500 (Central Daylight Time): GET /images/pic5.jpg
Wed Jul 19 2017 22:42:59 GMT-0500 (Central Daylight Time): GET /images/pic6.jpg
Wed Jul 19 2017 22:43:00 GMT-0500 (Central Daylight Time): GET /assets/css/images/bg1.png
Wed Jul 19 2017 22:43:00 GMT-0500 (Central Daylight Time): GET /assets/css/images/banner.jpg
Wed Jul 19 2017 22:43:00 GMT-0500 (Central Daylight Time): GET /assets/css/images/icon-bubble.png
Wed Jul 19 2017 22:43:01 GMT-0500 (Central Daylight Time): GET /twocolumn1.html
Wed Jul 19 2017 22:43:25 GMT-0500 (Central Daylight Time): GET /
Wed Jul 19 2017 22:43:26 GMT-0500 (Central Daylight Time): GET /assets/css/main.css
Wed Jul 19 2017 22:43:26 GMT-0500 (Central Daylight Time): GET /assets/js/jquery.min.js
Wed Jul 19 2017 22:43:26 GMT-0500 (Central Daylight Time): GET /assets/js/skel.min.js
Wed Jul 19 2017 22:43:26 GMT-0500 (Central Daylight Time): GET /assets/js/skel-viewport.min.js
Wed Jul 19 2017 22:43:26 GMT-0500 (Central Daylight Time): GET /assets/js/util.js
Wed Jul 19 2017 22:43:26 GMT-0500 (Central Daylight Time): GET /assets/js/main.js
Wed Jul 19 2017 22:43:26 GMT-0500 (Central Daylight Time): GET /images/pic2.jpg
Wed Jul 19 2017 22:43:26 GMT-0500 (Central Daylight Time): GET /images/pic1.jpg
Wed Jul 19 2017 22:43:26 GMT-0500 (Central Daylight Time): GET /images/pic3.jpg
Wed Jul 19 2017 22:43:26 GMT-0500 (Central Daylight Time): GET /images/pic4.jpg
Wed Jul 19 2017 22:43:26 GMT-0500 (Central Daylight Time): GET /images/pic5.jpg
Wed Jul 19 2017 22:43:26 GMT-0500 (Central Daylight Time): GET /images/pic6.jpg
Wed Jul 19 2017 22:43:26 GMT-0500 (Central Daylight Time): GET /assets/css/images/bg1.png
Wed Jul 19 2017 22:43:26 GMT-0500 (Central Daylight Time): GET /assets/css/images/banner.jpg
Wed Jul 19 2017 22:43:26 GMT-0500 (Central Daylight Time): GET /assets/css/images/icon-bubble.png
Wed Jul 19 2017 22:43:28 GMT-0500 (Central Daylight Time): GET /twocolumn1.html
Wed Jul 19 2017 22:45:03 GMT-0500 (Central Daylight Time): GET /
Wed Jul 19 2017 22:45:04 GMT-0500 (Central Daylight Time): GET /assets/css/main.css
Wed Jul 19 2017 22:45:04 GMT-0500 (Central Daylight Time): GET /assets/js/jquery.min.js
Wed Jul 19 2017 22:45:04 GMT-0500 (Central Daylight Time): GET /assets/js/skel.min.js
Wed Jul 19 2017 22:45:04 GMT-0500 (Central Daylight Time): GET /assets/js/skel-viewport.min.js
Wed Jul 19 2017 22:45:04 GMT-0500 (Central Daylight Time): GET /assets/js/util.js
Wed Jul 19 2017 22:45:04 GMT-0500 (Central Daylight Time): GET /assets/js/main.js
Wed Jul 19 2017 22:45:04 GMT-0500 (Central Daylight Time): GET /images/pic2.jpg
Wed Jul 19 2017 22:45:04 GMT-0500 (Central Daylight Time): GET /images/pic1.jpg
Wed Jul 19 2017 22:45:04 GMT-0500 (Central Daylight Time): GET /images/pic3.jpg
Wed Jul 19 2017 22:45:04 GMT-0500 (Central Daylight Time): GET /images/pic4.jpg
Wed Jul 19 2017 22:45:04 GMT-0500 (Central Daylight Time): GET /images/pic5.jpg
Wed Jul 19 2017 22:45:04 GMT-0500 (Central Daylight Time): GET /images/pic6.jpg
Wed Jul 19 2017 22:45:04 GMT-0500 (Central Daylight Time): GET /assets/css/images/bg1.png
Wed Jul 19 2017 22:45:04 GMT-0500 (Central Daylight Time): GET /assets/css/images/banner.jpg
Wed Jul 19 2017 22:45:04 GMT-0500 (Central Daylight Time): GET /assets/css/images/icon-bubble.png
Wed Jul 19 2017 22:49:07 GMT-0500 (Central Daylight Time): GET /twocolumn1.html
Wed Jul 19 2017 22:49:34 GMT-0500 (Central Daylight Time): GET /twocolumn1.html
Wed Jul 19 2017 22:49:35 GMT-0500 (Central Daylight Time): GET /twocolumn1.html
Wed Jul 19 2017 22:49:39 GMT-0500 (Central Daylight Time): GET /twocolumn1
Wed Jul 19 2017 22:49:39 GMT-0500 (Central Daylight Time): GET /assets/css/main.css
Wed Jul 19 2017 22:49:39 GMT-0500 (Central Daylight Time): GET /assets/js/jquery.min.js
Wed Jul 19 2017 22:49:39 GMT-0500 (Central Daylight Time): GET /assets/js/skel.min.js
Wed Jul 19 2017 22:49:39 GMT-0500 (Central Daylight Time): GET /assets/js/skel-viewport.min.js
Wed Jul 19 2017 22:49:39 GMT-0500 (Central Daylight Time): GET /assets/js/util.js
Wed Jul 19 2017 22:49:39 GMT-0500 (Central Daylight Time): GET /assets/js/main.js
Wed Jul 19 2017 22:49:39 GMT-0500 (Central Daylight Time): GET /images/pic2.jpg
Wed Jul 19 2017 22:49:39 GMT-0500 (Central Daylight Time): GET /images/pic1.jpg
Wed Jul 19 2017 22:50:03 GMT-0500 (Central Daylight Time): GET /index.html
Wed Jul 19 2017 22:55:17 GMT-0500 (Central Daylight Time): GET /
Wed Jul 19 2017 22:55:17 GMT-0500 (Central Daylight Time): GET /assets/css/main.css
Wed Jul 19 2017 22:55:17 GMT-0500 (Central Daylight Time): GET /assets/js/jquery.min.js
Wed Jul 19 2017 22:55:17 GMT-0500 (Central Daylight Time): GET /assets/js/skel.min.js
Wed Jul 19 2017 22:55:17 GMT-0500 (Central Daylight Time): GET /assets/js/skel-viewport.min.js
Wed Jul 19 2017 22:55:17 GMT-0500 (Central Daylight Time): GET /assets/js/util.js
Wed Jul 19 2017 22:55:17 GMT-0500 (Central Daylight Time): GET /assets/js/main.js
Wed Jul 19 2017 22:55:17 GMT-0500 (Central Daylight Time): GET /images/pic2.jpg
Wed Jul 19 2017 22:55:17 GMT-0500 (Central Daylight Time): GET /images/pic1.jpg
Wed Jul 19 2017 22:55:17 GMT-0500 (Central Daylight Time): GET /images/pic3.jpg
Wed Jul 19 2017 22:55:18 GMT-0500 (Central Daylight Time): GET /images/pic4.jpg
Wed Jul 19 2017 22:55:18 GMT-0500 (Central Daylight Time): GET /images/pic5.jpg
Wed Jul 19 2017 22:55:18 GMT-0500 (Central Daylight Time): GET /images/pic6.jpg
Wed Jul 19 2017 22:55:18 GMT-0500 (Central Daylight Time): GET /assets/css/images/bg1.png
Wed Jul 19 2017 22:55:18 GMT-0500 (Central Daylight Time): GET /assets/css/images/banner.jpg
Wed Jul 19 2017 22:55:18 GMT-0500 (Central Daylight Time): GET /assets/css/images/icon-bubble.png
Wed Jul 19 2017 22:55:21 GMT-0500 (Central Daylight Time): GET /twocolumn1
Wed Jul 19 2017 22:55:21 GMT-0500 (Central Daylight Time): GET /assets/css/main.css
Wed Jul 19 2017 22:55:21 GMT-0500 (Central Daylight Time): GET /assets/js/jquery.min.js
Wed Jul 19 2017 22:55:21 GMT-0500 (Central Daylight Time): GET /assets/js/skel.min.js
Wed Jul 19 2017 22:55:21 GMT-0500 (Central Daylight Time): GET /assets/js/skel-viewport.min.js
Wed Jul 19 2017 22:55:21 GMT-0500 (Central Daylight Time): GET /assets/js/util.js
Wed Jul 19 2017 22:55:21 GMT-0500 (Central Daylight Time): GET /assets/js/main.js
Wed Jul 19 2017 22:55:21 GMT-0500 (Central Daylight Time): GET /images/pic2.jpg
Wed Jul 19 2017 22:55:21 GMT-0500 (Central Daylight Time): GET /images/pic1.jpg
Wed Jul 19 2017 22:55:23 GMT-0500 (Central Daylight Time): GET /twocolumn2.html
Wed Jul 19 2017 22:55:30 GMT-0500 (Central Daylight Time): GET /onecolumn.html
Wed Jul 19 2017 22:57:59 GMT-0500 (Central Daylight Time): GET /index.html
Wed Jul 19 2017 23:00:37 GMT-0500 (Central Daylight Time): GET /index.html
Wed Jul 19 2017 23:00:41 GMT-0500 (Central Daylight Time): GET /
Wed Jul 19 2017 23:00:41 GMT-0500 (Central Daylight Time): GET /assets/css/main.css
Wed Jul 19 2017 23:00:41 GMT-0500 (Central Daylight Time): GET /assets/js/jquery.min.js
Wed Jul 19 2017 23:00:41 GMT-0500 (Central Daylight Time): GET /assets/js/skel.min.js
Wed Jul 19 2017 23:00:41 GMT-0500 (Central Daylight Time): GET /assets/js/skel-viewport.min.js
Wed Jul 19 2017 23:00:41 GMT-0500 (Central Daylight Time): GET /assets/js/util.js
Wed Jul 19 2017 23:00:41 GMT-0500 (Central Daylight Time): GET /assets/js/main.js
Wed Jul 19 2017 23:00:41 GMT-0500 (Central Daylight Time): GET /images/pic2.jpg
Wed Jul 19 2017 23:00:41 GMT-0500 (Central Daylight Time): GET /images/pic1.jpg
Wed Jul 19 2017 23:00:41 GMT-0500 (Central Daylight Time): GET /images/pic3.jpg
Wed Jul 19 2017 23:00:41 GMT-0500 (Central Daylight Time): GET /images/pic4.jpg
Wed Jul 19 2017 23:00:41 GMT-0500 (Central Daylight Time): GET /images/pic5.jpg
Wed Jul 19 2017 23:00:41 GMT-0500 (Central Daylight Time): GET /images/pic6.jpg
Wed Jul 19 2017 23:00:41 GMT-0500 (Central Daylight Time): GET /assets/css/images/bg1.png
Wed Jul 19 2017 23:00:41 GMT-0500 (Central Daylight Time): GET /assets/css/images/banner.jpg
Wed Jul 19 2017 23:00:41 GMT-0500 (Central Daylight Time): GET /assets/css/images/icon-bubble.png
Wed Jul 19 2017 23:00:43 GMT-0500 (Central Daylight Time): GET /
Wed Jul 19 2017 23:00:44 GMT-0500 (Central Daylight Time): GET /assets/css/main.css
Wed Jul 19 2017 23:00:44 GMT-0500 (Central Daylight Time): GET /assets/js/jquery.min.js
Wed Jul 19 2017 23:00:44 GMT-0500 (Central Daylight Time): GET /assets/js/skel.min.js
Wed Jul 19 2017 23:00:44 GMT-0500 (Central Daylight Time): GET /assets/js/skel-viewport.min.js
Wed Jul 19 2017 23:00:44 GMT-0500 (Central Daylight Time): GET /assets/js/util.js
Wed Jul 19 2017 23:00:44 GMT-0500 (Central Daylight Time): GET /assets/js/main.js
Wed Jul 19 2017 23:00:44 GMT-0500 (Central Daylight Time): GET /images/pic2.jpg
Wed Jul 19 2017 23:00:44 GMT-0500 (Central Daylight Time): GET /images/pic1.jpg
Wed Jul 19 2017 23:00:44 GMT-0500 (Central Daylight Time): GET /images/pic3.jpg
Wed Jul 19 2017 23:00:44 GMT-0500 (Central Daylight Time): GET /images/pic4.jpg
Wed Jul 19 2017 23:00:44 GMT-0500 (Central Daylight Time): GET /images/pic5.jpg
Wed Jul 19 2017 23:00:44 GMT-0500 (Central Daylight Time): GET /images/pic6.jpg
Wed Jul 19 2017 23:00:44 GMT-0500 (Central Daylight Time): GET /assets/css/images/bg1.png
Wed Jul 19 2017 23:00:44 GMT-0500 (Central Daylight Time): GET /assets/css/images/banner.jpg
Wed Jul 19 2017 23:00:44 GMT-0500 (Central Daylight Time): GET /assets/css/images/icon-bubble.png
Wed Jul 19 2017 23:00:46 GMT-0500 (Central Daylight Time): GET /twocolumn1
Wed Jul 19 2017 23:00:46 GMT-0500 (Central Daylight Time): GET /assets/css/main.css
Wed Jul 19 2017 23:00:46 GMT-0500 (Central Daylight Time): GET /assets/js/jquery.min.js
Wed Jul 19 2017 23:00:46 GMT-0500 (Central Daylight Time): GET /assets/js/skel.min.js
Wed Jul 19 2017 23:00:46 GMT-0500 (Central Daylight Time): GET /assets/js/skel-viewport.min.js
Wed Jul 19 2017 23:00:46 GMT-0500 (Central Daylight Time): GET /assets/js/util.js
Wed Jul 19 2017 23:00:46 GMT-0500 (Central Daylight Time): GET /assets/js/main.js
Wed Jul 19 2017 23:00:46 GMT-0500 (Central Daylight Time): GET /images/pic2.jpg
Wed Jul 19 2017 23:00:46 GMT-0500 (Central Daylight Time): GET /images/pic1.jpg
Wed Jul 19 2017 23:00:49 GMT-0500 (Central Daylight Time): GET /
Wed Jul 19 2017 23:00:49 GMT-0500 (Central Daylight Time): GET /assets/css/main.css
Wed Jul 19 2017 23:00:49 GMT-0500 (Central Daylight Time): GET /assets/js/jquery.min.js
Wed Jul 19 2017 23:00:49 GMT-0500 (Central Daylight Time): GET /assets/js/skel.min.js
Wed Jul 19 2017 23:00:49 GMT-0500 (Central Daylight Time): GET /assets/js/skel-viewport.min.js
Wed Jul 19 2017 23:00:49 GMT-0500 (Central Daylight Time): GET /assets/js/util.js
Wed Jul 19 2017 23:00:49 GMT-0500 (Central Daylight Time): GET /assets/js/main.js
Wed Jul 19 2017 23:00:49 GMT-0500 (Central Daylight Time): GET /images/pic2.jpg
Wed Jul 19 2017 23:00:49 GMT-0500 (Central Daylight Time): GET /images/pic1.jpg
Wed Jul 19 2017 23:00:49 GMT-0500 (Central Daylight Time): GET /images/pic3.jpg
Wed Jul 19 2017 23:00:49 GMT-0500 (Central Daylight Time): GET /images/pic4.jpg
Wed Jul 19 2017 23:00:49 GMT-0500 (Central Daylight Time): GET /images/pic5.jpg
Wed Jul 19 2017 23:00:49 GMT-0500 (Central Daylight Time): GET /images/pic6.jpg
Wed Jul 19 2017 23:00:50 GMT-0500 (Central Daylight Time): GET /assets/css/images/bg1.png
Wed Jul 19 2017 23:00:50 GMT-0500 (Central Daylight Time): GET /assets/css/images/banner.jpg
Wed Jul 19 2017 23:00:50 GMT-0500 (Central Daylight Time): GET /assets/css/images/icon-bubble.png
Wed Jul 19 2017 23:00:51 GMT-0500 (Central Daylight Time): GET /twocolumn1
Wed Jul 19 2017 23:00:51 GMT-0500 (Central Daylight Time): GET /assets/css/main.css
Wed Jul 19 2017 23:00:51 GMT-0500 (Central Daylight Time): GET /assets/js/jquery.min.js
Wed Jul 19 2017 23:00:51 GMT-0500 (Central Daylight Time): GET /assets/js/skel.min.js
Wed Jul 19 2017 23:00:51 GMT-0500 (Central Daylight Time): GET /assets/js/skel-viewport.min.js
Wed Jul 19 2017 23:00:51 GMT-0500 (Central Daylight Time): GET /assets/js/util.js
Wed Jul 19 2017 23:00:51 GMT-0500 (Central Daylight Time): GET /assets/js/main.js
Wed Jul 19 2017 23:00:51 GMT-0500 (Central Daylight Time): GET /images/pic2.jpg
Wed Jul 19 2017 23:00:51 GMT-0500 (Central Daylight Time): GET /images/pic1.jpg
Wed Jul 19 2017 23:00:52 GMT-0500 (Central Daylight Time): GET /twocolumn2
Wed Jul 19 2017 23:00:53 GMT-0500 (Central Daylight Time): GET /assets/css/main.css
Wed Jul 19 2017 23:00:53 GMT-0500 (Central Daylight Time): GET /assets/js/jquery.min.js
Wed Jul 19 2017 23:00:53 GMT-0500 (Central Daylight Time): GET /assets/js/skel.min.js
Wed Jul 19 2017 23:00:53 GMT-0500 (Central Daylight Time): GET /assets/js/skel-viewport.min.js
Wed Jul 19 2017 23:00:53 GMT-0500 (Central Daylight Time): GET /assets/js/util.js
Wed Jul 19 2017 23:00:53 GMT-0500 (Central Daylight Time): GET /assets/js/main.js
Wed Jul 19 2017 23:00:53 GMT-0500 (Central Daylight Time): GET /images/pic2.jpg
Wed Jul 19 2017 23:00:53 GMT-0500 (Central Daylight Time): GET /images/pic1.jpg
Wed Jul 19 2017 23:00:54 GMT-0500 (Central Daylight Time): GET /twocolumn1
Wed Jul 19 2017 23:00:54 GMT-0500 (Central Daylight Time): GET /assets/css/main.css
Wed Jul 19 2017 23:00:54 GMT-0500 (Central Daylight Time): GET /assets/js/jquery.min.js
Wed Jul 19 2017 23:00:54 GMT-0500 (Central Daylight Time): GET /assets/js/skel.min.js
Wed Jul 19 2017 23:00:54 GMT-0500 (Central Daylight Time): GET /assets/js/skel-viewport.min.js
Wed Jul 19 2017 23:00:54 GMT-0500 (Central Daylight Time): GET /assets/js/util.js
Wed Jul 19 2017 23:00:54 GMT-0500 (Central Daylight Time): GET /assets/js/main.js
Wed Jul 19 2017 23:00:54 GMT-0500 (Central Daylight Time): GET /images/pic2.jpg
Wed Jul 19 2017 23:00:54 GMT-0500 (Central Daylight Time): GET /images/pic1.jpg
Wed Jul 19 2017 23:00:56 GMT-0500 (Central Daylight Time): GET /onecolumn
Wed Jul 19 2017 23:00:56 GMT-0500 (Central Daylight Time): GET /assets/css/main.css
Wed Jul 19 2017 23:00:56 GMT-0500 (Central Daylight Time): GET /assets/js/jquery.min.js
Wed Jul 19 2017 23:00:56 GMT-0500 (Central Daylight Time): GET /assets/js/skel.min.js
Wed Jul 19 2017 23:00:56 GMT-0500 (Central Daylight Time): GET /assets/js/util.js
Wed Jul 19 2017 23:00:56 GMT-0500 (Central Daylight Time): GET /assets/js/skel-viewport.min.js
Wed Jul 19 2017 23:00:56 GMT-0500 (Central Daylight Time): GET /assets/js/main.js
Wed Jul 19 2017 23:00:57 GMT-0500 (Central Daylight Time): GET /threecolumn
Wed Jul 19 2017 23:00:57 GMT-0500 (Central Daylight Time): GET /assets/css/main.css
Wed Jul 19 2017 23:00:58 GMT-0500 (Central Daylight Time): GET /assets/js/jquery.min.js
Wed Jul 19 2017 23:00:58 GMT-0500 (Central Daylight Time): GET /assets/js/skel.min.js
Wed Jul 19 2017 23:00:58 GMT-0500 (Central Daylight Time): GET /assets/js/skel-viewport.min.js
Wed Jul 19 2017 23:00:58 GMT-0500 (Central Daylight Time): GET /assets/js/util.js
Wed Jul 19 2017 23:00:58 GMT-0500 (Central Daylight Time): GET /assets/js/main.js
Wed Jul 19 2017 23:00:58 GMT-0500 (Central Daylight Time): GET /images/pic2.jpg
Wed Jul 19 2017 23:00:58 GMT-0500 (Central Daylight Time): GET /images/pic1.jpg
Wed Jul 19 2017 23:02:09 GMT-0500 (Central Daylight Time): GET /
Wed Jul 19 2017 23:02:10 GMT-0500 (Central Daylight Time): GET /assets/css/main.css
Wed Jul 19 2017 23:02:10 GMT-0500 (Central Daylight Time): GET /images/pic3.jpg
Wed Jul 19 2017 23:02:10 GMT-0500 (Central Daylight Time): GET /images/pic4.jpg
Wed Jul 19 2017 23:02:10 GMT-0500 (Central Daylight Time): GET /images/pic5.jpg
Wed Jul 19 2017 23:02:10 GMT-0500 (Central Daylight Time): GET /images/pic6.jpg
Wed Jul 19 2017 23:02:10 GMT-0500 (Central Daylight Time): GET /assets/js/jquery.min.js
Wed Jul 19 2017 23:02:10 GMT-0500 (Central Daylight Time): GET /assets/js/skel.min.js
Wed Jul 19 2017 23:02:10 GMT-0500 (Central Daylight Time): GET /assets/js/skel-viewport.min.js
Wed Jul 19 2017 23:02:10 GMT-0500 (Central Daylight Time): GET /assets/js/util.js
Wed Jul 19 2017 23:02:10 GMT-0500 (Central Daylight Time): GET /assets/js/main.js
Wed Jul 19 2017 23:02:10 GMT-0500 (Central Daylight Time): GET /images/pic2.jpg
Wed Jul 19 2017 23:02:10 GMT-0500 (Central Daylight Time): GET /images/pic1.jpg
Wed Jul 19 2017 23:02:10 GMT-0500 (Central Daylight Time): GET /assets/css/images/bg1.png
Wed Jul 19 2017 23:02:10 GMT-0500 (Central Daylight Time): GET /assets/css/images/banner.jpg
Wed Jul 19 2017 23:02:10 GMT-0500 (Central Daylight Time): GET /assets/css/images/icon-bubble.png
Wed Jul 19 2017 23:02:11 GMT-0500 (Central Daylight Time): GET /twocolumn1
Wed Jul 19 2017 23:02:12 GMT-0500 (Central Daylight Time): GET /assets/css/main.css
Wed Jul 19 2017 23:02:12 GMT-0500 (Central Daylight Time): GET /assets/js/jquery.min.js
Wed Jul 19 2017 23:02:12 GMT-0500 (Central Daylight Time): GET /assets/js/skel.min.js
Wed Jul 19 2017 23:02:12 GMT-0500 (Central Daylight Time): GET /assets/js/skel-viewport.min.js
Wed Jul 19 2017 23:02:12 GMT-0500 (Central Daylight Time): GET /assets/js/util.js
Wed Jul 19 2017 23:02:12 GMT-0500 (Central Daylight Time): GET /assets/js/main.js
Wed Jul 19 2017 23:02:12 GMT-0500 (Central Daylight Time): GET /images/pic2.jpg
Wed Jul 19 2017 23:02:12 GMT-0500 (Central Daylight Time): GET /images/pic1.jpg
Wed Jul 19 2017 23:02:13 GMT-0500 (Central Daylight Time): GET /twocolumn2
Wed Jul 19 2017 23:02:14 GMT-0500 (Central Daylight Time): GET /assets/css/main.css
Wed Jul 19 2017 23:02:14 GMT-0500 (Central Daylight Time): GET /assets/js/jquery.min.js
Wed Jul 19 2017 23:02:14 GMT-0500 (Central Daylight Time): GET /assets/js/skel.min.js
Wed Jul 19 2017 23:02:14 GMT-0500 (Central Daylight Time): GET /assets/js/skel-viewport.min.js
Wed Jul 19 2017 23:02:14 GMT-0500 (Central Daylight Time): GET /assets/js/util.js
Wed Jul 19 2017 23:02:14 GMT-0500 (Central Daylight Time): GET /assets/js/main.js
Wed Jul 19 2017 23:02:14 GMT-0500 (Central Daylight Time): GET /images/pic2.jpg
Wed Jul 19 2017 23:02:14 GMT-0500 (Central Daylight Time): GET /images/pic1.jpg
Wed Jul 19 2017 23:02:15 GMT-0500 (Central Daylight Time): GET /onecolumn
Wed Jul 19 2017 23:02:15 GMT-0500 (Central Daylight Time): GET /assets/css/main.css
Wed Jul 19 2017 23:02:15 GMT-0500 (Central Daylight Time): GET /assets/js/jquery.min.js
Wed Jul 19 2017 23:02:15 GMT-0500 (Central Daylight Time): GET /assets/js/skel.min.js
Wed Jul 19 2017 23:02:15 GMT-0500 (Central Daylight Time): GET /assets/js/skel-viewport.min.js
Wed Jul 19 2017 23:02:15 GMT-0500 (Central Daylight Time): GET /assets/js/util.js
Wed Jul 19 2017 23:02:15 GMT-0500 (Central Daylight Time): GET /assets/js/main.js
Wed Jul 19 2017 23:02:16 GMT-0500 (Central Daylight Time): GET /threecolumn
Wed Jul 19 2017 23:02:17 GMT-0500 (Central Daylight Time): GET /assets/css/main.css
Wed Jul 19 2017 23:02:17 GMT-0500 (Central Daylight Time): GET /assets/js/jquery.min.js
Wed Jul 19 2017 23:02:17 GMT-0500 (Central Daylight Time): GET /assets/js/skel.min.js
Wed Jul 19 2017 23:02:17 GMT-0500 (Central Daylight Time): GET /assets/js/skel-viewport.min.js
Wed Jul 19 2017 23:02:17 GMT-0500 (Central Daylight Time): GET /assets/js/util.js
Wed Jul 19 2017 23:02:17 GMT-0500 (Central Daylight Time): GET /assets/js/main.js
Wed Jul 19 2017 23:02:17 GMT-0500 (Central Daylight Time): GET /images/pic2.jpg
Wed Jul 19 2017 23:02:17 GMT-0500 (Central Daylight Time): GET /images/pic1.jpg
Wed Jul 19 2017 23:02:22 GMT-0500 (Central Daylight Time): GET /
Wed Jul 19 2017 23:02:22 GMT-0500 (Central Daylight Time): GET /assets/css/main.css
Wed Jul 19 2017 23:02:22 GMT-0500 (Central Daylight Time): GET /assets/js/jquery.min.js
Wed Jul 19 2017 23:02:22 GMT-0500 (Central Daylight Time): GET /assets/js/skel.min.js
Wed Jul 19 2017 23:02:22 GMT-0500 (Central Daylight Time): GET /assets/js/skel-viewport.min.js
Wed Jul 19 2017 23:02:22 GMT-0500 (Central Daylight Time): GET /assets/js/util.js
Wed Jul 19 2017 23:02:22 GMT-0500 (Central Daylight Time): GET /assets/js/main.js
Wed Jul 19 2017 23:02:22 GMT-0500 (Central Daylight Time): GET /images/pic2.jpg
Wed Jul 19 2017 23:02:22 GMT-0500 (Central Daylight Time): GET /images/pic1.jpg
Wed Jul 19 2017 23:02:22 GMT-0500 (Central Daylight Time): GET /images/pic3.jpg
Wed Jul 19 2017 23:02:22 GMT-0500 (Central Daylight Time): GET /images/pic4.jpg
Wed Jul 19 2017 23:02:22 GMT-0500 (Central Daylight Time): GET /images/pic5.jpg
Wed Jul 19 2017 23:02:22 GMT-0500 (Central Daylight Time): GET /images/pic6.jpg
Wed Jul 19 2017 23:02:22 GMT-0500 (Central Daylight Time): GET /assets/css/images/bg1.png
Wed Jul 19 2017 23:02:22 GMT-0500 (Central Daylight Time): GET /assets/css/images/banner.jpg
Wed Jul 19 2017 23:02:22 GMT-0500 (Central Daylight Time): GET /assets/css/images/icon-bubble.png
Wed Jul 19 2017 23:02:55 GMT-0500 (Central Daylight Time): GET /
Wed Jul 19 2017 23:02:55 GMT-0500 (Central Daylight Time): GET /assets/css/main.css
Wed Jul 19 2017 23:02:55 GMT-0500 (Central Daylight Time): GET /assets/js/jquery.min.js
Wed Jul 19 2017 23:02:56 GMT-0500 (Central Daylight Time): GET /assets/js/skel.min.js
Wed Jul 19 2017 23:02:56 GMT-0500 (Central Daylight Time): GET /assets/js/skel-viewport.min.js
Wed Jul 19 2017 23:02:56 GMT-0500 (Central Daylight Time): GET /assets/js/util.js
Wed Jul 19 2017 23:02:56 GMT-0500 (Central Daylight Time): GET /assets/js/main.js
Wed Jul 19 2017 23:02:56 GMT-0500 (Central Daylight Time): GET /images/pic2.jpg
Wed Jul 19 2017 23:02:56 GMT-0500 (Central Daylight Time): GET /images/pic1.jpg
Wed Jul 19 2017 23:02:56 GMT-0500 (Central Daylight Time): GET /images/pic3.jpg
Wed Jul 19 2017 23:02:56 GMT-0500 (Central Daylight Time): GET /images/pic4.jpg
Wed Jul 19 2017 23:02:56 GMT-0500 (Central Daylight Time): GET /images/pic5.jpg
Wed Jul 19 2017 23:02:56 GMT-0500 (Central Daylight Time): GET /images/pic6.jpg
Wed Jul 19 2017 23:02:56 GMT-0500 (Central Daylight Time): GET /assets/css/images/bg1.png
Wed Jul 19 2017 23:02:56 GMT-0500 (Central Daylight Time): GET /assets/css/images/banner.jpg
Wed Jul 19 2017 23:02:56 GMT-0500 (Central Daylight Time): GET /assets/css/images/icon-bubble.png
Wed Jul 19 2017 23:02:57 GMT-0500 (Central Daylight Time): GET /twocolumn1
Wed Jul 19 2017 23:02:57 GMT-0500 (Central Daylight Time): GET /assets/css/main.css
Wed Jul 19 2017 23:02:57 GMT-0500 (Central Daylight Time): GET /assets/js/jquery.min.js
Wed Jul 19 2017 23:02:57 GMT-0500 (Central Daylight Time): GET /assets/js/skel.min.js
Wed Jul 19 2017 23:02:57 GMT-0500 (Central Daylight Time): GET /assets/js/skel-viewport.min.js
Wed Jul 19 2017 23:02:57 GMT-0500 (Central Daylight Time): GET /assets/js/util.js
Wed Jul 19 2017 23:02:57 GMT-0500 (Central Daylight Time): GET /assets/js/main.js
Wed Jul 19 2017 23:02:57 GMT-0500 (Central Daylight Time): GET /images/pic2.jpg
Wed Jul 19 2017 23:02:57 GMT-0500 (Central Daylight Time): GET /images/pic1.jpg
Wed Jul 19 2017 23:02:58 GMT-0500 (Central Daylight Time): GET /twocolumn2
Wed Jul 19 2017 23:02:59 GMT-0500 (Central Daylight Time): GET /assets/css/main.css
Wed Jul 19 2017 23:02:59 GMT-0500 (Central Daylight Time): GET /assets/js/jquery.min.js
Wed Jul 19 2017 23:02:59 GMT-0500 (Central Daylight Time): GET /assets/js/skel.min.js
Wed Jul 19 2017 23:02:59 GMT-0500 (Central Daylight Time): GET /assets/js/skel-viewport.min.js
Wed Jul 19 2017 23:02:59 GMT-0500 (Central Daylight Time): GET /assets/js/util.js
Wed Jul 19 2017 23:02:59 GMT-0500 (Central Daylight Time): GET /assets/js/main.js
Wed Jul 19 2017 23:02:59 GMT-0500 (Central Daylight Time): GET /images/pic2.jpg
Wed Jul 19 2017 23:02:59 GMT-0500 (Central Daylight Time): GET /images/pic1.jpg
Wed Jul 19 2017 23:03:00 GMT-0500 (Central Daylight Time): GET /onecolumn
Wed Jul 19 2017 23:03:01 GMT-0500 (Central Daylight Time): GET /assets/css/main.css
Wed Jul 19 2017 23:03:01 GMT-0500 (Central Daylight Time): GET /assets/js/jquery.min.js
Wed Jul 19 2017 23:03:01 GMT-0500 (Central Daylight Time): GET /assets/js/skel.min.js
Wed Jul 19 2017 23:03:01 GMT-0500 (Central Daylight Time): GET /assets/js/skel-viewport.min.js
Wed Jul 19 2017 23:03:01 GMT-0500 (Central Daylight Time): GET /assets/js/util.js
Wed Jul 19 2017 23:03:01 GMT-0500 (Central Daylight Time): GET /assets/js/main.js
Wed Jul 19 2017 23:03:01 GMT-0500 (Central Daylight Time): GET /threecolumn
Wed Jul 19 2017 23:03:02 GMT-0500 (Central Daylight Time): GET /assets/css/main.css
Wed Jul 19 2017 23:03:02 GMT-0500 (Central Daylight Time): GET /assets/js/jquery.min.js
Wed Jul 19 2017 23:03:02 GMT-0500 (Central Daylight Time): GET /assets/js/skel.min.js
Wed Jul 19 2017 23:03:02 GMT-0500 (Central Daylight Time): GET /assets/js/skel-viewport.min.js
Wed Jul 19 2017 23:03:02 GMT-0500 (Central Daylight Time): GET /assets/js/util.js
Wed Jul 19 2017 23:03:02 GMT-0500 (Central Daylight Time): GET /assets/js/main.js
Wed Jul 19 2017 23:03:02 GMT-0500 (Central Daylight Time): GET /images/pic2.jpg
Wed Jul 19 2017 23:03:02 GMT-0500 (Central Daylight Time): GET /images/pic1.jpg
